TN:
SF:app.js
FNF:0
FNH:0
DA:1,1
DA:2,1
DA:3,1
DA:4,1
DA:5,1
DA:6,1
DA:7,1
DA:8,1
DA:9,1
DA:10,1
DA:11,1
DA:12,1
DA:13,1
DA:14,1
DA:15,1
DA:16,1
DA:17,1
DA:18,1
DA:19,1
DA:20,1
DA:21,1
DA:22,1
DA:23,0
DA:24,1
DA:25,1
DA:26,1
DA:27,1
DA:28,0
DA:29,0
DA:30,0
DA:31,0
DA:32,0
DA:33,0
DA:34,0
DA:35,1
DA:36,1
DA:37,1
LF:37
LH:29
BRF:0
BRH:0
end_of_record
TN:
SF:controller\car.controller.js
FN:4,getAll
FN:11,getById
FN:21,create
FN:31,update
FN:41,remove
FNF:5
FNH:0
FNDA:0,getAll
FNDA:0,getById
FNDA:0,create
FNDA:0,update
FNDA:0,remove
DA:1,1
DA:2,1
DA:3,1
DA:4,1
DA:5,0
DA:6,0
DA:7,0
DA:8,0
DA:9,0
DA:10,1
DA:11,1
DA:12,0
DA:13,0
DA:14,0
DA:15,0
DA:16,0
DA:17,0
DA:18,0
DA:19,0
DA:20,1
DA:21,1
DA:22,0
DA:23,0
DA:24,0
DA:25,0
DA:26,0
DA:27,0
DA:28,0
DA:29,0
DA:30,1
DA:31,1
DA:32,0
DA:33,0
DA:34,0
DA:35,0
DA:36,0
DA:37,0
DA:38,0
DA:39,0
DA:40,1
DA:41,1
DA:42,0
DA:43,0
DA:44,0
DA:45,0
DA:46,0
DA:47,0
DA:48,0
DA:49,0
DA:50,1
DA:51,1
DA:52,1
LF:52
LH:15
BRF:0
BRH:0
end_of_record
TN:
SF:infra\car.repository.js
FN:3,Object.<anonymous>.exports.getAll
FN:8,Object.<anonymous>.exports.getById
FN:13,Object.<anonymous>.exports.create
FN:19,Object.<anonymous>.exports.update
FN:24,Object.<anonymous>.exports.remove
FNF:5
FNH:0
FNDA:0,Object.<anonymous>.exports.getAll
FNDA:0,Object.<anonymous>.exports.getById
FNDA:0,Object.<anonymous>.exports.create
FNDA:0,Object.<anonymous>.exports.update
FNDA:0,Object.<anonymous>.exports.remove
DA:1,1
DA:2,1
DA:3,1
DA:4,0
DA:5,0
DA:6,0
DA:7,1
DA:8,1
DA:9,0
DA:10,0
DA:11,0
DA:12,1
DA:13,1
DA:14,0
DA:15,0
DA:16,0
DA:17,0
DA:18,1
DA:19,1
DA:20,0
DA:21,0
DA:22,0
DA:23,1
DA:24,1
DA:25,0
DA:26,0
DA:27,0
LF:27
LH:11
BRF:0
BRH:0
end_of_record
TN:
SF:model\car.model.js
FNF:0
FNH:0
DA:1,1
DA:2,1
DA:3,1
DA:4,1
DA:5,1
DA:6,1
DA:7,1
DA:8,1
DA:9,1
DA:10,1
DA:11,1
DA:12,1
LF:12
LH:12
BRF:0
BRH:0
end_of_record
TN:
SF:routes\index.js
FNF:0
FNH:0
DA:1,1
DA:2,1
DA:3,1
DA:4,1
DA:5,1
DA:6,1
DA:7,0
DA:8,1
DA:9,1
DA:10,1
DA:11,0
DA:12,1
DA:13,1
DA:14,1
DA:15,1
DA:16,1
DA:17,1
DA:18,1
DA:19,1
DA:20,1
DA:21,1
LF:21
LH:19
BRF:0
BRH:0
end_of_record
TN:
SF:services\car.service.js
FN:3,Object.<anonymous>.exports.getAll
FN:12,Object.<anonymous>.exports.getById
FN:23,Object.<anonymous>.exports.create
FN:35,Object.<anonymous>.exports.update
FN:48,Object.<anonymous>.exports.remove
FN:53,filterResponse
FNF:6
FNH:0
FNDA:0,Object.<anonymous>.exports.getAll
FNDA:0,Object.<anonymous>.exports.getById
FNDA:0,Object.<anonymous>.exports.create
FNDA:0,Object.<anonymous>.exports.update
FNDA:0,Object.<anonymous>.exports.remove
FNDA:0,filterResponse
DA:1,1
DA:2,1
DA:3,1
DA:4,0
DA:5,0
DA:6,0
DA:7,0
DA:8,0
DA:9,0
DA:10,0
DA:11,1
DA:12,1
DA:13,0
DA:14,0
DA:15,0
DA:16,0
DA:17,0
DA:18,0
DA:19,0
DA:20,0
DA:21,0
DA:22,1
DA:23,1
DA:24,0
DA:25,0
DA:26,0
DA:27,0
DA:28,0
DA:29,0
DA:30,0
DA:31,0
DA:32,0
DA:33,0
DA:34,1
DA:35,1
DA:36,0
DA:37,0
DA:38,0
DA:39,0
DA:40,0
DA:41,0
DA:42,0
DA:43,0
DA:44,0
DA:45,0
DA:46,0
DA:47,1
DA:48,1
DA:49,0
DA:50,0
DA:51,0
DA:52,1
DA:53,0
DA:54,0
DA:55,0
DA:56,0
DA:57,0
DA:58,0
DA:59,0
DA:60,0
DA:61,0
LF:61
LH:12
BRF:0
BRH:0
end_of_record
