TN:
SF:app.js
FNF:0
FNH:0
DA:1,1
DA:2,1
DA:3,1
DA:4,1
DA:5,1
DA:6,1
DA:7,1
DA:8,1
DA:9,1
DA:10,1
DA:11,1
DA:12,1
DA:13,1
DA:14,1
DA:15,1
DA:16,1
DA:17,1
DA:18,1
DA:19,1
DA:20,1
DA:21,1
DA:22,1
DA:23,0
DA:24,1
DA:25,1
DA:26,1
DA:27,1
DA:28,0
DA:29,0
DA:30,0
DA:31,0
DA:32,0
DA:33,0
DA:34,0
DA:35,1
DA:36,1
DA:37,1
LF:37
LH:29
BRF:0
BRH:0
end_of_record
TN:
SF:_TESTS_\utils\dataUtils.js
FN:41,<static_initializer>
FNF:1
FNH:1
FNDA:2,<static_initializer>
DA:1,1
DA:2,1
DA:3,1
DA:4,1
DA:5,1
DA:6,1
DA:7,1
DA:8,1
DA:9,1
DA:10,1
DA:11,1
DA:12,1
DA:13,1
DA:14,1
DA:15,1
DA:16,1
DA:17,1
DA:18,1
DA:19,1
DA:20,1
DA:21,1
DA:22,1
DA:23,1
DA:24,1
DA:25,1
DA:26,1
DA:27,1
DA:28,1
DA:29,1
DA:30,1
DA:31,1
DA:32,1
DA:33,1
DA:34,1
DA:35,1
DA:36,1
DA:37,1
DA:38,1
DA:39,1
DA:40,1
DA:41,1
DA:42,2
DA:43,2
DA:44,2
DA:45,2
DA:46,2
DA:47,2
DA:48,2
DA:49,2
DA:50,2
DA:51,2
DA:52,2
DA:53,2
DA:54,2
DA:55,2
DA:56,2
DA:57,1
DA:58,1
DA:59,1
DA:60,1
LF:60
LH:60
BRDA:41,0,0,2
BRF:1
BRH:1
end_of_record
TN:
SF:controller\car.controller.js
FN:5,getAll
FN:13,getById
FN:23,create
FN:33,update
FN:45,remove
FNF:5
FNH:1
FNDA:0,getAll
FNDA:0,getById
FNDA:1,create
FNDA:0,update
FNDA:0,remove
DA:1,1
DA:2,1
DA:3,1
DA:4,1
DA:5,1
DA:6,0
DA:7,0
DA:8,0
DA:9,0
DA:10,0
DA:11,0
DA:12,1
DA:13,1
DA:14,0
DA:15,0
DA:16,0
DA:17,0
DA:18,0
DA:19,0
DA:20,0
DA:21,0
DA:22,1
DA:23,1
DA:24,1
DA:25,1
DA:26,1
DA:27,0
DA:28,1
DA:29,1
DA:30,1
DA:31,1
DA:32,1
DA:33,1
DA:34,0
DA:35,0
DA:36,0
DA:37,0
DA:38,0
DA:39,0
DA:40,0
DA:41,0
DA:42,0
DA:43,0
DA:44,1
DA:45,1
DA:46,0
DA:47,0
DA:48,0
DA:49,0
DA:50,0
DA:51,0
DA:52,0
DA:53,0
DA:54,0
DA:55,0
DA:56,1
DA:57,1
DA:58,1
LF:58
LH:23
BRDA:23,0,0,1
BRDA:26,1,0,0
BRF:2
BRH:1
end_of_record
TN:
SF:infra\car.repository.js
FN:3,Object.<anonymous>.exports.getAll
FN:8,Object.<anonymous>.exports.getById
FN:13,Object.<anonymous>.exports.create
FN:18,Object.<anonymous>.exports.update
FN:24,Object.<anonymous>.exports.remove
FNF:5
FNH:5
FNDA:2,Object.<anonymous>.exports.getAll
FNDA:2,Object.<anonymous>.exports.getById
FNDA:2,Object.<anonymous>.exports.create
FNDA:2,Object.<anonymous>.exports.update
FNDA:2,Object.<anonymous>.exports.remove
DA:1,1
DA:2,1
DA:3,1
DA:4,2
DA:5,2
DA:6,2
DA:7,1
DA:8,1
DA:9,2
DA:10,2
DA:11,2
DA:12,1
DA:13,1
DA:14,2
DA:15,2
DA:16,2
DA:17,1
DA:18,1
DA:19,2
DA:20,2
DA:21,2
DA:22,2
DA:23,1
DA:24,1
DA:25,2
DA:26,2
DA:27,2
DA:28,2
LF:28
LH:28
BRDA:3,0,0,2
BRDA:8,1,0,2
BRDA:13,2,0,2
BRDA:18,3,0,2
BRDA:24,4,0,2
BRF:5
BRH:5
end_of_record
TN:
SF:model\car.model.js
FNF:0
FNH:0
DA:1,1
DA:2,1
DA:3,1
DA:4,1
DA:5,1
DA:6,1
DA:7,1
DA:8,1
DA:9,1
DA:10,1
DA:11,1
DA:12,1
LF:12
LH:12
BRF:0
BRH:0
end_of_record
TN:
SF:services\car.service.js
FN:3,Object.<anonymous>.exports.getAll
FN:9,Object.<anonymous>.exports.getById
FN:17,Object.<anonymous>.exports.create
FN:23,Object.<anonymous>.exports.update
FN:36,Object.<anonymous>.exports.remove
FNF:5
FNH:5
FNDA:2,Object.<anonymous>.exports.getAll
FNDA:2,Object.<anonymous>.exports.getById
FNDA:2,Object.<anonymous>.exports.create
FNDA:2,Object.<anonymous>.exports.update
FNDA:2,Object.<anonymous>.exports.remove
DA:1,1
DA:2,1
DA:3,1
DA:4,2
DA:5,2
DA:6,2
DA:7,2
DA:8,1
DA:9,1
DA:10,2
DA:11,2
DA:12,2
DA:13,2
DA:14,2
DA:15,2
DA:16,1
DA:17,1
DA:18,2
DA:19,2
DA:20,2
DA:21,2
DA:22,1
DA:23,1
DA:24,2
DA:25,2
DA:26,2
DA:27,5
DA:28,1
DA:29,1
DA:30,2
DA:31,2
DA:32,2
DA:33,2
DA:34,2
DA:35,1
DA:36,1
DA:37,2
DA:38,2
DA:39,2
LF:39
LH:39
BRDA:3,0,0,2
BRDA:9,1,0,2
BRDA:12,2,0,1
BRDA:17,3,0,2
BRDA:23,4,0,2
BRDA:26,5,0,5
BRDA:27,6,0,1
BRDA:36,7,0,2
BRF:8
BRH:8
end_of_record
